Build started 03/22/2020 12:16:51 PM.
     1>Project "D:\BridgeAdmin\CodeFiles\VS Projects\BankAccountRoll-Poject\BankAcct-Project\BankAcct-Project\BankAcct-Project.vcxproj" on node 2 (Build target(s)).
     1>ClCompile:
         D:\Program Files\VisualStudioUltimate 2012\VC\bin\CL.exe /c /ZI /nologo /W3 /WX- /sdl- /Od /Oy- /D WIN32 /D _DEBUG /D _CONSOLE /D _UNICODE /D UNICODE /Gm /EHsc /RTC1 /MDd /GS /fp:precise /Zc:wchar_t /Zc:forScope /Fo"Debug\\" /Fd"Debug\vc110.pdb" /Gd /TP /analyze- /errorReport:prompt trustDefinitions.cpp
         trustDefinitions.cpp
     1>d:\bridgeadmin\codefiles\vs projects\bankaccountroll-poject\bankacct-project\bankacct-project\trustdefinitions.cpp(9): warning C4996: 'getch': The POSIX name for this item is deprecated. Instead, use the ISO C++ conformant name: _getch. See online help for details.
                 d:\program files\visualstudioultimate 2012\vc\include\conio.h(131) : see declaration of 'getch'
     1>d:\bridgeadmin\codefiles\vs projects\bankaccountroll-poject\bankacct-project\bankacct-project\trustdefinitions.cpp(92): warning C4996: 'gets': This function or variable may be unsafe. Consider using gets_s instead. To disable deprecation, use _CRT_SECURE_NO_WARNINGS. See online help for details.
                 d:\program files\visualstudioultimate 2012\vc\include\stdio.h(261) : see declaration of 'gets'
     1>d:\bridgeadmin\codefiles\vs projects\bankaccountroll-poject\bankacct-project\bankacct-project\trustdefinitions.cpp(94): warning C4996: 'gets': This function or variable may be unsafe. Consider using gets_s instead. To disable deprecation, use _CRT_SECURE_NO_WARNINGS. See online help for details.
                 d:\program files\visualstudioultimate 2012\vc\include\stdio.h(261) : see declaration of 'gets'
     1>d:\bridgeadmin\codefiles\vs projects\bankaccountroll-poject\bankacct-project\bankacct-project\trustdefinitions.cpp(96): warning C4996: 'strcpy': This function or variable may be unsafe. Consider using strcpy_s instead. To disable deprecation, use _CRT_SECURE_NO_WARNINGS. See online help for details.
                 d:\program files\visualstudioultimate 2012\vc\include\string.h(110) : see declaration of 'strcpy'
     1>d:\bridgeadmin\codefiles\vs projects\bankaccountroll-poject\bankacct-project\bankacct-project\trustdefinitions.cpp(98): warning C4244: '=' : conversion from 'double' to 'float', possible loss of data
     1>d:\bridgeadmin\codefiles\vs projects\bankaccountroll-poject\bankacct-project\bankacct-project\trustdefinitions.cpp(126): warning C4996: 'gets': This function or variable may be unsafe. Consider using gets_s instead. To disable deprecation, use _CRT_SECURE_NO_WARNINGS. See online help for details.
                 d:\program files\visualstudioultimate 2012\vc\include\stdio.h(261) : see declaration of 'gets'
     1>d:\bridgeadmin\codefiles\vs projects\bankaccountroll-poject\bankacct-project\bankacct-project\trustdefinitions.cpp(128): warning C4996: 'gets': This function or variable may be unsafe. Consider using gets_s instead. To disable deprecation, use _CRT_SECURE_NO_WARNINGS. See online help for details.
                 d:\program files\visualstudioultimate 2012\vc\include\stdio.h(261) : see declaration of 'gets'
     1>d:\bridgeadmin\codefiles\vs projects\bankaccountroll-poject\bankacct-project\bankacct-project\trustdefinitions.cpp(130): warning C4996: 'strcpy': This function or variable may be unsafe. Consider using strcpy_s instead. To disable deprecation, use _CRT_SECURE_NO_WARNINGS. See online help for details.
                 d:\program files\visualstudioultimate 2012\vc\include\string.h(110) : see declaration of 'strcpy'
     1>d:\bridgeadmin\codefiles\vs projects\bankaccountroll-poject\bankacct-project\bankacct-project\trustdefinitions.cpp(132): warning C4244: '=' : conversion from 'double' to 'float', possible loss of data
     1>d:\bridgeadmin\codefiles\vs projects\bankaccountroll-poject\bankacct-project\bankacct-project\trustdefinitions.cpp(161): warning C4996: 'gets': This function or variable may be unsafe. Consider using gets_s instead. To disable deprecation, use _CRT_SECURE_NO_WARNINGS. See online help for details.
                 d:\program files\visualstudioultimate 2012\vc\include\stdio.h(261) : see declaration of 'gets'
     1>d:\bridgeadmin\codefiles\vs projects\bankaccountroll-poject\bankacct-project\bankacct-project\trustdefinitions.cpp(168): warning C4996: 'strcpy': This function or variable may be unsafe. Consider using strcpy_s instead. To disable deprecation, use _CRT_SECURE_NO_WARNINGS. See online help for details.
                 d:\program files\visualstudioultimate 2012\vc\include\string.h(110) : see declaration of 'strcpy'
     1>d:\bridgeadmin\codefiles\vs projects\bankaccountroll-poject\bankacct-project\bankacct-project\trustdefinitions.cpp(169): warning C4996: 'strcpy': This function or variable may be unsafe. Consider using strcpy_s instead. To disable deprecation, use _CRT_SECURE_NO_WARNINGS. See online help for details.
                 d:\program files\visualstudioultimate 2012\vc\include\string.h(110) : see declaration of 'strcpy'
     1>d:\bridgeadmin\codefiles\vs projects\bankaccountroll-poject\bankacct-project\bankacct-project\trustdefinitions.cpp(183): warning C4996: 'gets': This function or variable may be unsafe. Consider using gets_s instead. To disable deprecation, use _CRT_SECURE_NO_WARNINGS. See online help for details.
                 d:\program files\visualstudioultimate 2012\vc\include\stdio.h(261) : see declaration of 'gets'
     1>d:\bridgeadmin\codefiles\vs projects\bankaccountroll-poject\bankacct-project\bankacct-project\trustdefinitions.cpp(190): warning C4996: 'strcpy': This function or variable may be unsafe. Consider using strcpy_s instead. To disable deprecation, use _CRT_SECURE_NO_WARNINGS. See online help for details.
                 d:\program files\visualstudioultimate 2012\vc\include\string.h(110) : see declaration of 'strcpy'
     1>d:\bridgeadmin\codefiles\vs projects\bankaccountroll-poject\bankacct-project\bankacct-project\trustdefinitions.cpp(191): warning C4996: 'strcpy': This function or variable may be unsafe. Consider using strcpy_s instead. To disable deprecation, use _CRT_SECURE_NO_WARNINGS. See online help for details.
                 d:\program files\visualstudioultimate 2012\vc\include\string.h(110) : see declaration of 'strcpy'
     1>d:\bridgeadmin\codefiles\vs projects\bankaccountroll-poject\bankacct-project\bankacct-project\trustdefinitions.cpp(198): warning C4129: 'L' : unrecognized character escape sequence
     1>d:\bridgeadmin\codefiles\vs projects\bankaccountroll-poject\bankacct-project\bankacct-project\trustdefinitions.cpp(211): warning C4996: 'scanf': This function or variable may be unsafe. Consider using scanf_s instead. To disable deprecation, use _CRT_SECURE_NO_WARNINGS. See online help for details.
                 d:\program files\visualstudioultimate 2012\vc\include\stdio.h(290) : see declaration of 'scanf'
     1>d:\bridgeadmin\codefiles\vs projects\bankaccountroll-poject\bankacct-project\bankacct-project\trustdefinitions.cpp(228): warning C4996: 'getch': The POSIX name for this item is deprecated. Instead, use the ISO C++ conformant name: _getch. See online help for details.
                 d:\program files\visualstudioultimate 2012\vc\include\conio.h(131) : see declaration of 'getch'
     1>d:\bridgeadmin\codefiles\vs projects\bankaccountroll-poject\bankacct-project\bankacct-project\trustdefinitions.cpp(260): warning C4996: 'getch': The POSIX name for this item is deprecated. Instead, use the ISO C++ conformant name: _getch. See online help for details.
                 d:\program files\visualstudioultimate 2012\vc\include\conio.h(131) : see declaration of 'getch'
     1>d:\bridgeadmin\codefiles\vs projects\bankaccountroll-poject\bankacct-project\bankacct-project\trustdefinitions.cpp(274): warning C4996: 'gets': This function or variable may be unsafe. Consider using gets_s instead. To disable deprecation, use _CRT_SECURE_NO_WARNINGS. See online help for details.
                 d:\program files\visualstudioultimate 2012\vc\include\stdio.h(261) : see declaration of 'gets'
     1>d:\bridgeadmin\codefiles\vs projects\bankaccountroll-poject\bankacct-project\bankacct-project\trustdefinitions.cpp(276): warning C4996: 'gets': This function or variable may be unsafe. Consider using gets_s instead. To disable deprecation, use _CRT_SECURE_NO_WARNINGS. See online help for details.
                 d:\program files\visualstudioultimate 2012\vc\include\stdio.h(261) : see declaration of 'gets'
     1>d:\bridgeadmin\codefiles\vs projects\bankaccountroll-poject\bankacct-project\bankacct-project\trustdefinitions.cpp(280): warning C4244: '=' : conversion from 'double' to 'float', possible loss of data
     1>d:\bridgeadmin\codefiles\vs projects\bankaccountroll-poject\bankacct-project\bankacct-project\trustdefinitions.cpp(282): warning C4996: 'strcpy': This function or variable may be unsafe. Consider using strcpy_s instead. To disable deprecation, use _CRT_SECURE_NO_WARNINGS. See online help for details.
                 d:\program files\visualstudioultimate 2012\vc\include\string.h(110) : see declaration of 'strcpy'
     1>d:\bridgeadmin\codefiles\vs projects\bankaccountroll-poject\bankacct-project\bankacct-project\trustdefinitions.cpp(312): warning C4996: 'gets': This function or variable may be unsafe. Consider using gets_s instead. To disable deprecation, use _CRT_SECURE_NO_WARNINGS. See online help for details.
                 d:\program files\visualstudioultimate 2012\vc\include\stdio.h(261) : see declaration of 'gets'
     1>d:\bridgeadmin\codefiles\vs projects\bankaccountroll-poject\bankacct-project\bankacct-project\trustdefinitions.cpp(314): warning C4996: 'gets': This function or variable may be unsafe. Consider using gets_s instead. To disable deprecation, use _CRT_SECURE_NO_WARNINGS. See online help for details.
                 d:\program files\visualstudioultimate 2012\vc\include\stdio.h(261) : see declaration of 'gets'
     1>d:\bridgeadmin\codefiles\vs projects\bankaccountroll-poject\bankacct-project\bankacct-project\trustdefinitions.cpp(318): warning C4244: '=' : conversion from 'double' to 'float', possible loss of data
     1>d:\bridgeadmin\codefiles\vs projects\bankaccountroll-poject\bankacct-project\bankacct-project\trustdefinitions.cpp(320): warning C4996: 'strcpy': This function or variable may be unsafe. Consider using strcpy_s instead. To disable deprecation, use _CRT_SECURE_NO_WARNINGS. See online help for details.
                 d:\program files\visualstudioultimate 2012\vc\include\string.h(110) : see declaration of 'strcpy'
       Link:
         D:\Program Files\VisualStudioUltimate 2012\VC\bin\link.exe /ERRORREPORT:PROMPT /OUT:"D:\BridgeAdmin\CodeFiles\VS Projects\BankAccountRoll-Poject\BankAcct-Project\Debug\BankAcct-Project.exe" /INCREMENTAL /NOLOGO kernel32.lib user32.lib gdi32.lib winspool.lib comdlg32.lib advapi32.lib shell32.lib ole32.lib oleaut32.lib uuid.lib odbc32.lib odbccp32.lib /MANIFEST /MANIFESTUAC:"level='asInvoker' uiAccess='false'" /manifest:embed /DEBUG /PDB:"D:\BridgeAdmin\CodeFiles\VS Projects\BankAccountRoll-Poject\BankAcct-Project\Debug\BankAcct-Project.pdb" /SUBSYSTEM:CONSOLE /TLBID:1 /DYNAMICBASE /NXCOMPAT /IMPLIB:"D:\BridgeAdmin\CodeFiles\VS Projects\BankAccountRoll-Poject\BankAcct-Project\Debug\BankAcct-Project.lib" /MACHINE:X86 Debug\mainProgram.obj
         Debug\projDefinitions.obj
         Debug\savingsDefintions.obj
         Debug\timeDefinitions.obj
         Debug\trustDefinitions.obj
         Debug\UIdefinitions.obj
         BankAcct-Project.vcxproj -> D:\BridgeAdmin\CodeFiles\VS Projects\BankAccountRoll-Poject\BankAcct-Project\Debug\BankAcct-Project.exe
     1>Done Building Project "D:\BridgeAdmin\CodeFiles\VS Projects\BankAccountRoll-Poject\BankAcct-Project\BankAcct-Project\BankAcct-Project.vcxproj" (Build target(s)).

Build succeeded.

Time Elapsed 00:00:03.14
